<?xml version="1.0" encoding="UTF-8"?>
<!-- Generated by org.testng.reporters.JUnitReportReporter -->
<testsuite hostname="aspire665" name="com.projectname.test.functional.login.LoginTest" tests="1" failures="0" timestamp="9 Jun 2015 08:45:51 GMT" time="61.723" errors="0">
  <testcase name="loginTest" time="61.723" classname="com.projectname.test.functional.login.LoginTest"/>
</testsuite> <!-- com.projectname.test.functional.login.LoginTest -->
