<?xml version="1.0" encoding="UTF-8"?>
<!-- Generated by org.testng.reporters.JUnitReportReporter -->
<testsuite hostname="aspire984" name="com.projectName.test.functional.moduleName1.HomePageTest" tests="1" failures="0" timestamp="11 Oct 2014 10:06:05 GMT" time="31.136" errors="0">
  <testcase name="homePageTest" time="31.136" classname="com.projectName.test.functional.moduleName1.HomePageTest"/>
</testsuite> <!-- com.projectName.test.functional.moduleName1.HomePageTest -->
