<?xml version="1.0" encoding="UTF-8"?>
<!-- Generated by org.testng.reporters.JUnitReportReporter -->
<testsuite hostname="aspire984" name="com.projectname.test.functional.modulename2.LoginTest" tests="1" failures="0" timestamp="11 Dec 2014 12:16:40 GMT" time="49.827" errors="0">
  <testcase name="loginTest" time="49.827" classname="com.projectname.test.functional.modulename2.LoginTest"/>
</testsuite> <!-- com.projectname.test.functional.modulename2.LoginTest -->
